<?xml version="1.0" encoding="UTF-8"?>
<testng-results ignored="0" total="1" passed="1" failed="0" skipped="0">
  <reporter-output>
  </reporter-output>
  <suite started-at="2024-11-28T20:42:57 EET" name="Command line suite" finished-at="2024-11-28T20:43:42 EET" duration-ms="45703">
    <groups>
    </groups>
    <test started-at="2024-11-28T20:42:57 EET" name="Command line test" finished-at="2024-11-28T20:43:42 EET" duration-ms="45703">
      <class name="org.example.DownloadPatientsDocumentsLogs">
        <test-method is-config="true" signature="setUp()[pri:0, instance:org.example.DownloadPatientsDocumentsLogs@5a3bc7ed]" started-at="2024-11-28T20:42:57 EET" name="setUp" finished-at="2024-11-28T20:42:59 EET" duration-ms="2107" status="PASS">
          <reporter-output>
          </reporter-output>
        </test-method> <!-- setUp -->
        <test-method signature="testUntitledTestCase()[pri:0, instance:org.example.DownloadPatientsDocumentsLogs@5a3bc7ed]" started-at="2024-11-28T20:42:59 EET" name="testUntitledTestCase" finished-at="2024-11-28T20:43:40 EET" duration-ms="41268" status="PASS">
          <reporter-output>
          </reporter-output>
        </test-method> <!-- testUntitledTestCase -->
        <test-method is-config="true" signature="tearDown()[pri:0, instance:org.example.DownloadPatientsDocumentsLogs@5a3bc7ed]" started-at="2024-11-28T20:43:40 EET" name="tearDown" finished-at="2024-11-28T20:43:42 EET" duration-ms="2311" status="PASS">
          <reporter-output>
          </reporter-output>
        </test-method> <!-- tearDown -->
      </class> <!-- org.example.DownloadPatientsDocumentsLogs -->
    </test> <!-- Command line test -->
  </suite> <!-- Command line suite -->
</testng-results>
